<?xml version="1.0" encoding="UTF-8"?>
<!-- Generated by org.testng.reporters.JUnitReportReporter -->
<testsuite hostname="LAPTOP-7VII1ULP" failures="0" tests="4" name="parallel.RunCucumberTest" time="0.444" errors="0" timestamp="2024-03-22T08:51:27 IST" skipped="0">
  <testcase classname="parallel.RunCucumberTest" name="runScenario" time="0.111"/>
  <testcase classname="parallel.RunCucumberTest" name="runScenario" time="0.111"/>
  <testcase classname="parallel.RunCucumberTest" name="runScenario" time="0.111"/>
  <testcase classname="parallel.RunCucumberTest" name="runScenario" time="0.111"/>
</testsuite> <!-- parallel.RunCucumberTest -->
