<?xml version="1.0" encoding="UTF-8"?>
<!-- Generated by org.testng.reporters.JUnitReportReporter -->
<testsuite hostname="LAPTOP-7VII1ULP" failures="0" tests="4" name="parallel.RunCucumberIT" time="0.456" errors="0" timestamp="2024-03-23T08:19:57 IST" skipped="0">
  <testcase classname="parallel.RunCucumberIT" name="runScenario" time="0.114"/>
  <testcase classname="parallel.RunCucumberIT" name="runScenario" time="0.114"/>
  <testcase classname="parallel.RunCucumberIT" name="runScenario" time="0.114"/>
  <testcase classname="parallel.RunCucumberIT" name="runScenario" time="0.114"/>
</testsuite> <!-- parallel.RunCucumberIT -->
